1734431971.758644 client started (86640): version 3.5a, socket /private/tmp/tmux-501/default, protocol 8
1734431971.758723 on Darwin 23.6.0 Darwin Kernel Version 23.6.0: Mon Jul 29 21:13:00 PDT 2024; root:xnu-10063.141.2~1/RELEASE_X86_64
1734431971.758754 using libevent 2.1.12-stable select
1734431971.758777 using utf8proc 2.9.0
1734431971.758793 using ncurses 6.5 20240427
1734431971.758840 flags are 0x10010000
1734431971.758857 socket is /private/tmp/tmux-501/default
1734431971.758875 trying connect
1734431971.758989 add peer 0x7f89a7031000: 6 (0x0)
1734431971.763334 sending message 111 to peer 0x7f89a7031000 (8 bytes)
1734431971.763371 sending message 111 to peer 0x7f89a7031000 (8 bytes)
1734431971.763384 sending message 101 to peer 0x7f89a7031000 (14 bytes)
1734431971.763394 sending message 109 to peer 0x7f89a7031000 (4 bytes)
1734431971.763403 sending message 102 to peer 0x7f89a7031000 (13 bytes)
1734431971.763412 sending message 108 to peer 0x7f89a7031000 (23 bytes)
1734431971.763424 sending message 112 to peer 0x7f89a7031000 (70 bytes)
1734431971.763435 sending message 112 to peer 0x7f89a7031000 (5 bytes)
1734431971.763444 sending message 112 to peer 0x7f89a7031000 (5 bytes)
1734431971.763453 sending message 112 to peer 0x7f89a7031000 (6 bytes)
1734431971.763462 sending message 112 to peer 0x7f89a7031000 (6 bytes)
1734431971.763470 sending message 112 to peer 0x7f89a7031000 (11 bytes)
1734431971.763479 sending message 112 to peer 0x7f89a7031000 (10 bytes)
1734431971.763487 sending message 112 to peer 0x7f89a7031000 (13 bytes)
1734431971.763496 sending message 112 to peer 0x7f89a7031000 (13 bytes)
1734431971.763504 sending message 112 to peer 0x7f89a7031000 (18 bytes)
1734431971.763512 sending message 112 to peer 0x7f89a7031000 (11 bytes)
1734431971.763520 sending message 112 to peer 0x7f89a7031000 (10 bytes)
1734431971.763529 sending message 112 to peer 0x7f89a7031000 (15 bytes)
1734431971.763537 sending message 112 to peer 0x7f89a7031000 (21 bytes)
1734431971.763545 sending message 112 to peer 0x7f89a7031000 (13 bytes)
1734431971.763554 sending message 112 to peer 0x7f89a7031000 (7 bytes)
1734431971.763563 sending message 112 to peer 0x7f89a7031000 (13 bytes)
1734431971.763571 sending message 112 to peer 0x7f89a7031000 (7 bytes)
1734431971.763580 sending message 112 to peer 0x7f89a7031000 (13 bytes)
1734431971.763588 sending message 112 to peer 0x7f89a7031000 (9 bytes)
1734431971.763597 sending message 112 to peer 0x7f89a7031000 (21 bytes)
1734431971.763605 sending message 112 to peer 0x7f89a7031000 (13 bytes)
1734431971.763614 sending message 112 to peer 0x7f89a7031000 (8 bytes)
1734431971.763622 sending message 112 to peer 0x7f89a7031000 (12 bytes)
1734431971.763631 sending message 112 to peer 0x7f89a7031000 (13 bytes)
1734431971.763639 sending message 112 to peer 0x7f89a7031000 (9 bytes)
1734431971.763648 sending message 112 to peer 0x7f89a7031000 (9 bytes)
1734431971.763657 sending message 112 to peer 0x7f89a7031000 (12 bytes)
1734431971.763665 sending message 112 to peer 0x7f89a7031000 (8 bytes)
1734431971.763674 sending message 112 to peer 0x7f89a7031000 (8 bytes)
1734431971.763682 sending message 112 to peer 0x7f89a7031000 (7 bytes)
1734431971.763690 sending message 112 to peer 0x7f89a7031000 (7 bytes)
1734431971.763699 sending message 112 to peer 0x7f89a7031000 (9 bytes)
1734431971.763708 sending message 112 to peer 0x7f89a7031000 (13 bytes)
1734431971.763717 sending message 112 to peer 0x7f89a7031000 (6 bytes)
1734431971.763730 sending message 112 to peer 0x7f89a7031000 (9 bytes)
1734431971.763745 sending message 112 to peer 0x7f89a7031000 (15 bytes)
1734431971.763759 sending message 112 to peer 0x7f89a7031000 (13 bytes)
1734431971.763772 sending message 112 to peer 0x7f89a7031000 (12 bytes)
1734431971.763781 sending message 112 to peer 0x7f89a7031000 (8 bytes)
1734431971.763790 sending message 112 to peer 0x7f89a7031000 (14 bytes)
1734431971.763799 sending message 112 to peer 0x7f89a7031000 (11 bytes)
1734431971.763808 sending message 112 to peer 0x7f89a7031000 (9 bytes)
1734431971.763816 sending message 112 to peer 0x7f89a7031000 (10 bytes)
1734431971.763860 sending message 112 to peer 0x7f89a7031000 (10 bytes)
1734431971.763871 sending message 112 to peer 0x7f89a7031000 (10 bytes)
1734431971.763881 sending message 112 to peer 0x7f89a7031000 (10 bytes)
1734431971.763891 sending message 112 to peer 0x7f89a7031000 (11 bytes)
1734431971.763902 sending message 112 to peer 0x7f89a7031000 (12 bytes)
1734431971.763912 sending message 112 to peer 0x7f89a7031000 (12 bytes)
1734431971.763922 sending message 112 to peer 0x7f89a7031000 (12 bytes)
1734431971.763931 sending message 112 to peer 0x7f89a7031000 (12 bytes)
1734431971.763941 sending message 112 to peer 0x7f89a7031000 (12 bytes)
1734431971.763951 sending message 112 to peer 0x7f89a7031000 (11 bytes)
1734431971.763960 sending message 112 to peer 0x7f89a7031000 (11 bytes)
1734431971.763970 sending message 112 to peer 0x7f89a7031000 (12 bytes)
1734431971.763980 sending message 112 to peer 0x7f89a7031000 (12 bytes)
1734431971.763990 sending message 112 to peer 0x7f89a7031000 (12 bytes)
1734431971.764001 sending message 112 to peer 0x7f89a7031000 (12 bytes)
1734431971.764008 sending message 112 to peer 0x7f89a7031000 (12 bytes)
1734431971.764014 sending message 112 to peer 0x7f89a7031000 (10 bytes)
1734431971.764019 sending message 112 to peer 0x7f89a7031000 (12 bytes)
1734431971.764025 sending message 112 to peer 0x7f89a7031000 (13 bytes)
1734431971.764031 sending message 112 to peer 0x7f89a7031000 (13 bytes)
1734431971.764037 sending message 112 to peer 0x7f89a7031000 (13 bytes)
1734431971.764043 sending message 112 to peer 0x7f89a7031000 (13 bytes)
1734431971.764048 sending message 112 to peer 0x7f89a7031000 (13 bytes)
1734431971.764054 sending message 112 to peer 0x7f89a7031000 (8 bytes)
1734431971.764060 sending message 112 to peer 0x7f89a7031000 (11 bytes)
1734431971.764065 sending message 112 to peer 0x7f89a7031000 (11 bytes)
1734431971.764071 sending message 112 to peer 0x7f89a7031000 (11 bytes)
1734431971.764077 sending message 112 to peer 0x7f89a7031000 (12 bytes)
1734431971.764083 sending message 112 to peer 0x7f89a7031000 (12 bytes)
1734431971.764088 sending message 112 to peer 0x7f89a7031000 (12 bytes)
1734431971.764094 sending message 112 to peer 0x7f89a7031000 (12 bytes)
1734431971.764100 sending message 112 to peer 0x7f89a7031000 (13 bytes)
1734431971.764106 sending message 112 to peer 0x7f89a7031000 (13 bytes)
1734431971.764111 sending message 112 to peer 0x7f89a7031000 (13 bytes)
1734431971.764117 sending message 112 to peer 0x7f89a7031000 (8 bytes)
1734431971.764123 sending message 112 to peer 0x7f89a7031000 (13 bytes)
1734431971.764128 sending message 112 to peer 0x7f89a7031000 (13 bytes)
1734431971.764134 sending message 112 to peer 0x7f89a7031000 (13 bytes)
1734431971.764140 sending message 112 to peer 0x7f89a7031000 (13 bytes)
1734431971.764146 sending message 112 to peer 0x7f89a7031000 (13 bytes)
1734431971.764152 sending message 112 to peer 0x7f89a7031000 (12 bytes)
1734431971.764157 sending message 112 to peer 0x7f89a7031000 (12 bytes)
1734431971.764163 sending message 112 to peer 0x7f89a7031000 (12 bytes)
1734431971.764169 sending message 112 to peer 0x7f89a7031000 (12 bytes)
1734431971.764175 sending message 112 to peer 0x7f89a7031000 (13 bytes)
1734431971.764182 sending message 112 to peer 0x7f89a7031000 (8 bytes)
1734431971.764188 sending message 112 to peer 0x7f89a7031000 (13 bytes)
1734431971.764195 sending message 112 to peer 0x7f89a7031000 (13 bytes)
1734431971.764201 sending message 112 to peer 0x7f89a7031000 (13 bytes)
1734431971.764207 sending message 112 to peer 0x7f89a7031000 (13 bytes)
1734431971.764213 sending message 112 to peer 0x7f89a7031000 (13 bytes)
1734431971.764218 sending message 112 to peer 0x7f89a7031000 (13 bytes)
1734431971.764224 sending message 112 to peer 0x7f89a7031000 (13 bytes)
1734431971.764230 sending message 112 to peer 0x7f89a7031000 (12 bytes)
1734431971.764238 sending message 112 to peer 0x7f89a7031000 (12 bytes)
1734431971.764247 sending message 112 to peer 0x7f89a7031000 (12 bytes)
1734431971.764257 sending message 112 to peer 0x7f89a7031000 (8 bytes)
1734431971.764289 sending message 112 to peer 0x7f89a7031000 (12 bytes)
1734431971.764300 sending message 112 to peer 0x7f89a7031000 (13 bytes)
1734431971.764310 sending message 112 to peer 0x7f89a7031000 (13 bytes)
1734431971.764320 sending message 112 to peer 0x7f89a7031000 (13 bytes)
1734431971.764330 sending message 112 to peer 0x7f89a7031000 (13 bytes)
1734431971.764340 sending message 112 to peer 0x7f89a7031000 (13 bytes)
1734431971.764350 sending message 112 to peer 0x7f89a7031000 (13 bytes)
1734431971.764360 sending message 112 to peer 0x7f89a7031000 (13 bytes)
1734431971.764371 sending message 112 to peer 0x7f89a7031000 (13 bytes)
1734431971.764382 sending message 112 to peer 0x7f89a7031000 (12 bytes)
1734431971.764392 sending message 112 to peer 0x7f89a7031000 (10 bytes)
1734431971.764400 sending message 112 to peer 0x7f89a7031000 (12 bytes)
1734431971.764406 sending message 112 to peer 0x7f89a7031000 (12 bytes)
1734431971.764412 sending message 112 to peer 0x7f89a7031000 (12 bytes)
1734431971.764445 sending message 112 to peer 0x7f89a7031000 (13 bytes)
1734431971.764452 sending message 112 to peer 0x7f89a7031000 (13 bytes)
1734431971.764458 sending message 112 to peer 0x7f89a7031000 (13 bytes)
1734431971.764464 sending message 112 to peer 0x7f89a7031000 (13 bytes)
1734431971.764469 sending message 112 to peer 0x7f89a7031000 (13 bytes)
1734431971.764475 sending message 112 to peer 0x7f89a7031000 (13 bytes)
1734431971.764481 sending message 112 to peer 0x7f89a7031000 (13 bytes)
1734431971.764490 sending message 112 to peer 0x7f89a7031000 (10 bytes)
1734431971.764496 sending message 112 to peer 0x7f89a7031000 (13 bytes)
1734431971.764502 sending message 112 to peer 0x7f89a7031000 (12 bytes)
1734431971.764508 sending message 112 to peer 0x7f89a7031000 (12 bytes)
1734431971.764514 sending message 112 to peer 0x7f89a7031000 (12 bytes)
1734431971.764520 sending message 112 to peer 0x7f89a7031000 (10 bytes)
1734431971.764528 sending message 112 to peer 0x7f89a7031000 (10 bytes)
1734431971.764534 sending message 112 to peer 0x7f89a7031000 (10 bytes)
1734431971.764540 sending message 112 to peer 0x7f89a7031000 (12 bytes)
1734431971.764546 sending message 112 to peer 0x7f89a7031000 (13 bytes)
1734431971.764552 sending message 112 to peer 0x7f89a7031000 (13 bytes)
1734431971.764557 sending message 112 to peer 0x7f89a7031000 (13 bytes)
1734431971.764563 sending message 112 to peer 0x7f89a7031000 (13 bytes)
1734431971.764569 sending message 112 to peer 0x7f89a7031000 (13 bytes)
1734431971.764574 sending message 112 to peer 0x7f89a7031000 (11 bytes)
1734431971.764580 sending message 112 to peer 0x7f89a7031000 (11 bytes)
1734431971.764586 sending message 112 to peer 0x7f89a7031000 (12 bytes)
1734431971.764592 sending message 112 to peer 0x7f89a7031000 (12 bytes)
1734431971.764598 sending message 112 to peer 0x7f89a7031000 (12 bytes)
1734431971.764607 sending message 112 to peer 0x7f89a7031000 (12 bytes)
1734431971.764618 sending message 112 to peer 0x7f89a7031000 (12 bytes)
1734431971.764628 sending message 112 to peer 0x7f89a7031000 (11 bytes)
1734431971.764638 sending message 112 to peer 0x7f89a7031000 (12 bytes)
1734431971.764649 sending message 112 to peer 0x7f89a7031000 (12 bytes)
1734431971.764659 sending message 112 to peer 0x7f89a7031000 (13 bytes)
1734431971.764666 sending message 112 to peer 0x7f89a7031000 (13 bytes)
1734431971.764672 sending message 112 to peer 0x7f89a7031000 (13 bytes)
1734431971.764678 sending message 112 to peer 0x7f89a7031000 (13 bytes)
1734431971.764704 sending message 112 to peer 0x7f89a7031000 (13 bytes)
1734431971.764711 sending message 112 to peer 0x7f89a7031000 (10 bytes)
1734431971.764717 sending message 112 to peer 0x7f89a7031000 (9 bytes)
1734431971.764724 sending message 112 to peer 0x7f89a7031000 (12 bytes)
1734431971.764734 sending message 112 to peer 0x7f89a7031000 (13 bytes)
1734431971.764743 sending message 112 to peer 0x7f89a7031000 (13 bytes)
1734431971.764753 sending message 112 to peer 0x7f89a7031000 (13 bytes)
1734431971.764762 sending message 112 to peer 0x7f89a7031000 (13 bytes)
1734431971.764789 sending message 112 to peer 0x7f89a7031000 (13 bytes)
1734431971.764796 sending message 112 to peer 0x7f89a7031000 (9 bytes)
1734431971.764802 sending message 112 to peer 0x7f89a7031000 (12 bytes)
1734431971.764808 sending message 112 to peer 0x7f89a7031000 (13 bytes)
1734431971.764814 sending message 112 to peer 0x7f89a7031000 (13 bytes)
1734431971.764820 sending message 112 to peer 0x7f89a7031000 (13 bytes)
1734431971.764825 sending message 112 to peer 0x7f89a7031000 (13 bytes)
1734431971.764831 sending message 112 to peer 0x7f89a7031000 (13 bytes)
1734431971.764837 sending message 112 to peer 0x7f89a7031000 (11 bytes)
1734431971.764843 sending message 112 to peer 0x7f89a7031000 (12 bytes)
1734431971.764849 sending message 112 to peer 0x7f89a7031000 (13 bytes)
1734431971.764854 sending message 112 to peer 0x7f89a7031000 (13 bytes)
1734431971.764860 sending message 112 to peer 0x7f89a7031000 (13 bytes)
1734431971.764866 sending message 112 to peer 0x7f89a7031000 (13 bytes)
1734431971.764871 sending message 112 to peer 0x7f89a7031000 (13 bytes)
1734431971.764877 sending message 112 to peer 0x7f89a7031000 (11 bytes)
1734431971.764883 sending message 112 to peer 0x7f89a7031000 (12 bytes)
1734431971.764891 sending message 112 to peer 0x7f89a7031000 (12 bytes)
1734431971.764898 sending message 112 to peer 0x7f89a7031000 (12 bytes)
1734431971.764904 sending message 112 to peer 0x7f89a7031000 (12 bytes)
1734431971.764909 sending message 112 to peer 0x7f89a7031000 (12 bytes)
1734431971.764915 sending message 112 to peer 0x7f89a7031000 (21 bytes)
1734431971.764921 sending message 112 to peer 0x7f89a7031000 (12 bytes)
1734431971.764926 sending message 112 to peer 0x7f89a7031000 (9 bytes)
1734431971.764932 sending message 112 to peer 0x7f89a7031000 (6 bytes)
1734431971.764939 sending message 112 to peer 0x7f89a7031000 (13 bytes)
1734431971.764948 sending message 112 to peer 0x7f89a7031000 (8 bytes)
1734431971.764958 sending message 112 to peer 0x7f89a7031000 (15 bytes)
1734431971.764968 sending message 112 to peer 0x7f89a7031000 (13 bytes)
1734431971.764974 sending message 112 to peer 0x7f89a7031000 (9 bytes)
1734431971.764980 sending message 112 to peer 0x7f89a7031000 (70 bytes)
1734431971.764986 sending message 112 to peer 0x7f89a7031000 (69 bytes)
1734431971.764991 sending message 112 to peer 0x7f89a7031000 (10 bytes)
1734431971.764997 sending message 112 to peer 0x7f89a7031000 (10 bytes)
1734431971.765002 sending message 112 to peer 0x7f89a7031000 (8 bytes)
1734431971.765008 sending message 112 to peer 0x7f89a7031000 (15 bytes)
1734431971.765013 sending message 112 to peer 0x7f89a7031000 (13 bytes)
1734431971.765019 sending message 112 to peer 0x7f89a7031000 (10 bytes)
1734431971.765024 sending message 112 to peer 0x7f89a7031000 (10 bytes)
1734431971.765030 sending message 112 to peer 0x7f89a7031000 (17 bytes)
1734431971.765036 sending message 112 to peer 0x7f89a7031000 (10 bytes)
1734431971.765042 sending message 112 to peer 0x7f89a7031000 (13 bytes)
1734431971.765047 sending message 112 to peer 0x7f89a7031000 (9 bytes)
1734431971.765053 sending message 112 to peer 0x7f89a7031000 (5 bytes)
1734431971.765059 sending message 112 to peer 0x7f89a7031000 (15 bytes)
1734431971.765066 sending message 104 to peer 0x7f89a7031000 (0 bytes)
1734431971.765077 sending message 110 to peer 0x7f89a7031000 (0 bytes)
1734431971.765083 sending message 107 to peer 0x7f89a7031000 (4 bytes)
1734431971.765089 sending message 105 to peer 0x7f89a7031000 (27 bytes)
1734431971.765095 sending message 105 to peer 0x7f89a7031000 (57 bytes)
1734431971.765103 sending message 105 to peer 0x7f89a7031000 (38 bytes)
1734431971.765109 sending message 105 to peer 0x7f89a7031000 (25 bytes)
1734431971.765115 sending message 105 to peer 0x7f89a7031000 (60 bytes)
1734431971.765121 sending message 105 to peer 0x7f89a7031000 (14 bytes)
1734431971.765126 sending message 105 to peer 0x7f89a7031000 (20 bytes)
1734431971.765132 sending message 105 to peer 0x7f89a7031000 (25 bytes)
1734431971.765138 sending message 105 to peer 0x7f89a7031000 (18 bytes)
1734431971.765155 sending message 105 to peer 0x7f89a7031000 (30 bytes)
1734431971.765161 sending message 105 to peer 0x7f89a7031000 (14 bytes)
1734431971.765167 sending message 105 to peer 0x7f89a7031000 (81 bytes)
1734431971.765176 sending message 105 to peer 0x7f89a7031000 (11 bytes)
1734431971.765182 sending message 105 to peer 0x7f89a7031000 (26 bytes)
1734431971.765188 sending message 105 to peer 0x7f89a7031000 (18 bytes)
1734431971.765194 sending message 105 to peer 0x7f89a7031000 (26 bytes)
1734431971.765199 sending message 105 to peer 0x7f89a7031000 (36 bytes)
1734431971.765205 sending message 105 to peer 0x7f89a7031000 (19 bytes)
1734431971.765287 sending message 105 to peer 0x7f89a7031000 (57 bytes)
1734431971.765327 sending message 105 to peer 0x7f89a7031000 (38 bytes)
1734431971.765371 sending message 105 to peer 0x7f89a7031000 (85 bytes)
1734431971.765399 sending message 105 to peer 0x7f89a7031000 (91 bytes)
1734431971.765412 sending message 105 to peer 0x7f89a7031000 (38 bytes)
1734431971.765422 sending message 105 to peer 0x7f89a7031000 (24 bytes)
1734431971.765436 sending message 105 to peer 0x7f89a7031000 (18 bytes)
1734431971.765447 sending message 105 to peer 0x7f89a7031000 (251 bytes)
1734431971.765479 sending message 105 to peer 0x7f89a7031000 (35 bytes)
1734431971.765490 sending message 105 to peer 0x7f89a7031000 (15 bytes)
1734431971.765503 sending message 105 to peer 0x7f89a7031000 (42 bytes)
1734431971.765514 sending message 105 to peer 0x7f89a7031000 (20 bytes)
1734431971.765524 sending message 105 to peer 0x7f89a7031000 (21 bytes)
1734431971.765533 sending message 105 to peer 0x7f89a7031000 (54 bytes)
1734431971.765546 sending message 105 to peer 0x7f89a7031000 (52 bytes)
1734431971.765556 sending message 105 to peer 0x7f89a7031000 (15 bytes)
1734431971.765566 sending message 105 to peer 0x7f89a7031000 (29 bytes)
1734431971.765576 sending message 105 to peer 0x7f89a7031000 (55 bytes)
1734431971.765585 sending message 105 to peer 0x7f89a7031000 (8 bytes)
1734431971.765596 sending message 105 to peer 0x7f89a7031000 (22 bytes)
1734431971.765605 sending message 105 to peer 0x7f89a7031000 (14 bytes)
1734431971.765615 sending message 106 to peer 0x7f89a7031000 (0 bytes)
1734431971.765792 sending message 200 to peer 0x7f89a7031000 (4 bytes)
1734431971.765823 client loop enter
1734431971.766290 peer 0x7f89a7031000 message 303
1734431971.766316 open write file 2 -
1734431971.766359 sending message 305 to peer 0x7f89a7031000 (8 bytes)
1734431971.766397 write check file 2
1734431971.766498 peer 0x7f89a7031000 message 304
1734431971.766516 write 58 to file 2
1734431971.766536 peer 0x7f89a7031000 message 203
1734431971.766544 file 2 58 bytes left
1734431971.766563 write check file 2
1734431971.766570 client loop exit
